
*** Running vivado
    with args -log project_1.vds -m64 -product Vivado -mode batch -messageDb vivado.pb -notrace -source project_1.tcl


****** Vivado v2023.1.1 (64-bit)
  **** SW Build 3900603 on Fri Jun 16 19:30:25 MDT 2023
  **** IP Build 3900379 on Sat Jun 17 05:28:05 MDT 2023
  **** SharedData Build 3899622 on Fri Jun 16 03:34:24 MDT 2023
    ** Copyright 1986-2022 Xilinx, Inc. All Rights Reserved.
    ** Copyright 2022-2023 Advanced Micro Devices, Inc. All Rights Reserved.

source project_1.tcl -notrace
Command: read_checkpoint -auto_incremental -incremental /home/sadhanpawar/UTA/SOC/FPGA/project_1/project_1.srcs/utils_1/imports/synth_1/project_1.dcp
INFO: [Vivado 12-5825] Read reference checkpoint from /home/sadhanpawar/UTA/SOC/FPGA/project_1/project_1.srcs/utils_1/imports/synth_1/project_1.dcp for incremental synthesis
INFO: [Vivado 12-7989] Please ensure there are no constraint changes
Command: synth_design -top project_1 -part xc7z007sclg400-1
Starting synth_design
Attempting to get a license for feature 'Synthesis' and/or device 'xc7z007s'
INFO: [Common 17-349] Got license for feature 'Synthesis' and/or device 'xc7z007s'
INFO: [Device 21-403] Loading part xc7z007sclg400-1
INFO: [Designutils 20-5440] No compile time benefit to using incremental synthesis; A full resynthesis will be run
INFO: [Designutils 20-4379] Flow is switching to default flow due to incremental criteria not met. If you would like to alter this behaviour and have the flow terminate instead, please set the following parameter config_implementation {autoIncr.Synth.RejectBehavior Terminate}
INFO: [Synth 8-7079] Multithreading enabled for synth_design using a maximum of 4 processes.
INFO: [Synth 8-7078] Launching helper process for spawning children vivado processes
INFO: [Synth 8-7075] Helper process launched with PID 1038430
---------------------------------------------------------------------------------
Starting RTL Elaboration : Time (s): cpu = 00:00:02 ; elapsed = 00:00:02 . Memory (MB): peak = 2005.578 ; gain = 379.738 ; free physical = 10652 ; free virtual = 29271
---------------------------------------------------------------------------------
INFO: [Synth 8-6157] synthesizing module 'project_1' [/home/sadhanpawar/UTA/SOC/FPGA/project_1/project_1.srcs/sources_1/new/project_1.sv:11]
INFO: [Synth 8-6155] done synthesizing module 'project_1' (0#1) [/home/sadhanpawar/UTA/SOC/FPGA/project_1/project_1.srcs/sources_1/new/project_1.sv:11]
CRITICAL WARNING: [Synth 8-6859] multi-driven net on pin /home/sadhanpawar/UTA/SOC/FPGA/project_1/project_1.srcs/sources_1/new/project_1.sv-11.0 with 1st driver pin 'VCC' [/home/sadhanpawar/UTA/SOC/FPGA/project_1/project_1.srcs/sources_1/new/project_1.sv:11]
CRITICAL WARNING: [Synth 8-6859] multi-driven net on pin /home/sadhanpawar/UTA/SOC/FPGA/project_1/project_1.srcs/sources_1/new/project_1.sv-11.0 with 2nd driver pin 'GND' [/home/sadhanpawar/UTA/SOC/FPGA/project_1/project_1.srcs/sources_1/new/project_1.sv:11]
CRITICAL WARNING: [Synth 8-6858] multi-driven net /home/sadhanpawar/UTA/SOC/FPGA/project_1/project_1.srcs/sources_1/new/project_1.sv-11.0 is connected to at least one constant driver which has been preserved, other driver is ignored [/home/sadhanpawar/UTA/SOC/FPGA/project_1/project_1.srcs/sources_1/new/project_1.sv:11]
CRITICAL WARNING: [Synth 8-6859] multi-driven net on pin /home/sadhanpawar/UTA/SOC/FPGA/project_1/project_1.srcs/sources_1/new/project_1.sv-11.0 with 1st driver pin 'GND' [/home/sadhanpawar/UTA/SOC/FPGA/project_1/project_1.srcs/sources_1/new/project_1.sv:11]
CRITICAL WARNING: [Synth 8-6859] multi-driven net on pin /home/sadhanpawar/UTA/SOC/FPGA/project_1/project_1.srcs/sources_1/new/project_1.sv-11.0 with 2nd driver pin 'VCC' [/home/sadhanpawar/UTA/SOC/FPGA/project_1/project_1.srcs/sources_1/new/project_1.sv:11]
CRITICAL WARNING: [Synth 8-6858] multi-driven net /home/sadhanpawar/UTA/SOC/FPGA/project_1/project_1.srcs/sources_1/new/project_1.sv-11.0 is connected to at least one constant driver which has been preserved, other driver is ignored [/home/sadhanpawar/UTA/SOC/FPGA/project_1/project_1.srcs/sources_1/new/project_1.sv:11]
CRITICAL WARNING: [Synth 8-6859] multi-driven net on pin /home/sadhanpawar/UTA/SOC/FPGA/project_1/project_1.srcs/sources_1/new/project_1.sv-11.0 with 1st driver pin 'GND' [/home/sadhanpawar/UTA/SOC/FPGA/project_1/project_1.srcs/sources_1/new/project_1.sv:11]
CRITICAL WARNING: [Synth 8-6859] multi-driven net on pin /home/sadhanpawar/UTA/SOC/FPGA/project_1/project_1.srcs/sources_1/new/project_1.sv-11.0 with 2nd driver pin 'VCC' [/home/sadhanpawar/UTA/SOC/FPGA/project_1/project_1.srcs/sources_1/new/project_1.sv:11]
CRITICAL WARNING: [Synth 8-6858] multi-driven net /home/sadhanpawar/UTA/SOC/FPGA/project_1/project_1.srcs/sources_1/new/project_1.sv-11.0 is connected to at least one constant driver which has been preserved, other driver is ignored [/home/sadhanpawar/UTA/SOC/FPGA/project_1/project_1.srcs/sources_1/new/project_1.sv:11]
CRITICAL WARNING: [Synth 8-6859] multi-driven net on pin /home/sadhanpawar/UTA/SOC/FPGA/project_1/project_1.srcs/sources_1/new/project_1.sv-11.0 with 1st driver pin 'GND' [/home/sadhanpawar/UTA/SOC/FPGA/project_1/project_1.srcs/sources_1/new/project_1.sv:11]
CRITICAL WARNING: [Synth 8-6859] multi-driven net on pin /home/sadhanpawar/UTA/SOC/FPGA/project_1/project_1.srcs/sources_1/new/project_1.sv-11.0 with 2nd driver pin 'VCC' [/home/sadhanpawar/UTA/SOC/FPGA/project_1/project_1.srcs/sources_1/new/project_1.sv:11]
CRITICAL WARNING: [Synth 8-6858] multi-driven net /home/sadhanpawar/UTA/SOC/FPGA/project_1/project_1.srcs/sources_1/new/project_1.sv-11.0 is connected to at least one constant driver which has been preserved, other driver is ignored [/home/sadhanpawar/UTA/SOC/FPGA/project_1/project_1.srcs/sources_1/new/project_1.sv:11]
CRITICAL WARNING: [Synth 8-6859] multi-driven net on pin /home/sadhanpawar/UTA/SOC/FPGA/project_1/project_1.srcs/sources_1/new/project_1.sv-11.0 with 1st driver pin 'GND' [/home/sadhanpawar/UTA/SOC/FPGA/project_1/project_1.srcs/sources_1/new/project_1.sv:11]
CRITICAL WARNING: [Synth 8-6859] multi-driven net on pin /home/sadhanpawar/UTA/SOC/FPGA/project_1/project_1.srcs/sources_1/new/project_1.sv-11.0 with 2nd driver pin 'VCC' [/home/sadhanpawar/UTA/SOC/FPGA/project_1/project_1.srcs/sources_1/new/project_1.sv:11]
CRITICAL WARNING: [Synth 8-6858] multi-driven net /home/sadhanpawar/UTA/SOC/FPGA/project_1/project_1.srcs/sources_1/new/project_1.sv-11.0 is connected to at least one constant driver which has been preserved, other driver is ignored [/home/sadhanpawar/UTA/SOC/FPGA/project_1/project_1.srcs/sources_1/new/project_1.sv:11]
CRITICAL WARNING: [Synth 8-6859] multi-driven net on pin /home/sadhanpawar/UTA/SOC/FPGA/project_1/project_1.srcs/sources_1/new/project_1.sv-11.0 with 1st driver pin 'GND' [/home/sadhanpawar/UTA/SOC/FPGA/project_1/project_1.srcs/sources_1/new/project_1.sv:11]
CRITICAL WARNING: [Synth 8-6859] multi-driven net on pin /home/sadhanpawar/UTA/SOC/FPGA/project_1/project_1.srcs/sources_1/new/project_1.sv-11.0 with 2nd driver pin 'VCC' [/home/sadhanpawar/UTA/SOC/FPGA/project_1/project_1.srcs/sources_1/new/project_1.sv:11]
CRITICAL WARNING: [Synth 8-6858] multi-driven net /home/sadhanpawar/UTA/SOC/FPGA/project_1/project_1.srcs/sources_1/new/project_1.sv-11.0 is connected to at least one constant driver which has been preserved, other driver is ignored [/home/sadhanpawar/UTA/SOC/FPGA/project_1/project_1.srcs/sources_1/new/project_1.sv:11]
WARNING: [Synth 8-3917] design project_1 has port LED[9] driven by constant 0
WARNING: [Synth 8-3917] design project_1 has port LED[8] driven by constant 0
WARNING: [Synth 8-3917] design project_1 has port LED[7] driven by constant 0
WARNING: [Synth 8-3917] design project_1 has port LED[6] driven by constant 0
WARNING: [Synth 8-3917] design project_1 has port LED[5] driven by constant 0
WARNING: [Synth 8-3917] design project_1 has port LED[4] driven by constant 0
WARNING: [Synth 8-3917] design project_1 has port LED[3] driven by constant 0
WARNING: [Synth 8-3917] design project_1 has port RGB0[2] driven by constant 0
WARNING: [Synth 8-3917] design project_1 has port RGB0[1] driven by constant 0
WARNING: [Synth 8-3917] design project_1 has port RGB0[0] driven by constant 0
WARNING: [Synth 8-3917] design project_1 has port RGB1[2] driven by constant 0
WARNING: [Synth 8-3917] design project_1 has port RGB1[1] driven by constant 0
WARNING: [Synth 8-3917] design project_1 has port RGB1[0] driven by constant 0
WARNING: [Synth 8-3917] design project_1 has port SS_ANODE[3] driven by constant 0
WARNING: [Synth 8-3917] design project_1 has port SS_ANODE[2] driven by constant 1
WARNING: [Synth 8-3917] design project_1 has port SS_ANODE[1] driven by constant 1
WARNING: [Synth 8-3917] design project_1 has port SS_ANODE[0] driven by constant 1
WARNING: [Synth 8-3917] design project_1 has port SS_CATHODE[7] driven by constant 1
WARNING: [Synth 8-3917] design project_1 has port SS_CATHODE[6] driven by constant 0
WARNING: [Synth 8-3917] design project_1 has port SS_CATHODE[5] driven by constant 1
WARNING: [Synth 8-3917] design project_1 has port SS_CATHODE[4] driven by constant 0
WARNING: [Synth 8-3917] design project_1 has port SS_CATHODE[3] driven by constant 0
WARNING: [Synth 8-3917] design project_1 has port SS_CATHODE[2] driven by constant 0
WARNING: [Synth 8-3917] design project_1 has port SS_CATHODE[1] driven by constant 0
WARNING: [Synth 8-3917] design project_1 has port SS_CATHODE[0] driven by constant 1
WARNING: [Synth 8-3917] design project_1 has port SERVO[3] driven by constant 0
WARNING: [Synth 8-3917] design project_1 has port SERVO[2] driven by constant 0
WARNING: [Synth 8-3917] design project_1 has port SERVO[1] driven by constant 0
WARNING: [Synth 8-3917] design project_1 has port SERVO[0] driven by constant 0
WARNING: [Synth 8-3917] design project_1 has port PDM_SPEAKER driven by constant 0
WARNING: [Synth 8-3917] design project_1 has port PDM_MIC_CLK driven by constant 0
WARNING: [Synth 8-3917] design project_1 has port ESP32_UART1_TXD driven by constant 0
WARNING: [Synth 8-3917] design project_1 has port IMU_SCLK driven by constant 0
WARNING: [Synth 8-3917] design project_1 has port IMU_SDI driven by constant 0
WARNING: [Synth 8-3917] design project_1 has port IMU_CS_AG driven by constant 1
WARNING: [Synth 8-3917] design project_1 has port IMU_CS_M driven by constant 1
WARNING: [Synth 8-3917] design project_1 has port IMU_DEN_AG driven by constant 0
WARNING: [Synth 8-7129] Port GPIO[23] in module project_1 is either unconnected or has no load
WARNING: [Synth 8-7129] Port GPIO[22] in module project_1 is either unconnected or has no load
WARNING: [Synth 8-7129] Port GPIO[21] in module project_1 is either unconnected or has no load
WARNING: [Synth 8-7129] Port GPIO[20] in module project_1 is either unconnected or has no load
WARNING: [Synth 8-7129] Port GPIO[19] in module project_1 is either unconnected or has no load
WARNING: [Synth 8-7129] Port GPIO[18] in module project_1 is either unconnected or has no load
WARNING: [Synth 8-7129] Port GPIO[17] in module project_1 is either unconnected or has no load
WARNING: [Synth 8-7129] Port GPIO[16] in module project_1 is either unconnected or has no load
WARNING: [Synth 8-7129] Port GPIO[15] in module project_1 is either unconnected or has no load
WARNING: [Synth 8-7129] Port GPIO[14] in module project_1 is either unconnected or has no load
WARNING: [Synth 8-7129] Port GPIO[13] in module project_1 is either unconnected or has no load
WARNING: [Synth 8-7129] Port GPIO[12] in module project_1 is either unconnected or has no load
WARNING: [Synth 8-7129] Port GPIO[11] in module project_1 is either unconnected or has no load
WARNING: [Synth 8-7129] Port GPIO[10] in module project_1 is either unconnected or has no load
WARNING: [Synth 8-7129] Port GPIO[9] in module project_1 is either unconnected or has no load
WARNING: [Synth 8-7129] Port GPIO[8] in module project_1 is either unconnected or has no load
WARNING: [Synth 8-7129] Port GPIO[7] in module project_1 is either unconnected or has no load
WARNING: [Synth 8-7129] Port GPIO[6] in module project_1 is either unconnected or has no load
WARNING: [Synth 8-7129] Port GPIO[5] in module project_1 is either unconnected or has no load
WARNING: [Synth 8-7129] Port GPIO[4] in module project_1 is either unconnected or has no load
WARNING: [Synth 8-7129] Port GPIO[3] in module project_1 is either unconnected or has no load
WARNING: [Synth 8-7129] Port GPIO[2] in module project_1 is either unconnected or has no load
WARNING: [Synth 8-7129] Port GPIO[1] in module project_1 is either unconnected or has no load
WARNING: [Synth 8-7129] Port GPIO[0] in module project_1 is either unconnected or has no load
WARNING: [Synth 8-7129] Port CLK100 in module project_1 is either unconnected or has no load
WARNING: [Synth 8-7129] Port SW[11] in module project_1 is either unconnected or has no load
WARNING: [Synth 8-7129] Port SW[10] in module project_1 is either unconnected or has no load
WARNING: [Synth 8-7129] Port SW[9] in module project_1 is either unconnected or has no load
WARNING: [Synth 8-7129] Port SW[8] in module project_1 is either unconnected or has no load
WARNING: [Synth 8-7129] Port SW[7] in module project_1 is either unconnected or has no load
WARNING: [Synth 8-7129] Port SW[6] in module project_1 is either unconnected or has no load
WARNING: [Synth 8-7129] Port SW[5] in module project_1 is either unconnected or has no load
WARNING: [Synth 8-7129] Port SW[4] in module project_1 is either unconnected or has no load
WARNING: [Synth 8-7129] Port SW[3] in module project_1 is either unconnected or has no load
WARNING: [Synth 8-7129] Port PB[3] in module project_1 is either unconnected or has no load
WARNING: [Synth 8-7129] Port PB[2] in module project_1 is either unconnected or has no load
WARNING: [Synth 8-7129] Port PB[1] in module project_1 is either unconnected or has no load
WARNING: [Synth 8-7129] Port PB[0] in module project_1 is either unconnected or has no load
WARNING: [Synth 8-7129] Port PDM_MIC_DATA in module project_1 is either unconnected or has no load
WARNING: [Synth 8-7129] Port ESP32_UART1_RXD in module project_1 is either unconnected or has no load
WARNING: [Synth 8-7129] Port IMU_SDO_AG in module project_1 is either unconnected or has no load
WARNING: [Synth 8-7129] Port IMU_SDO_M in module project_1 is either unconnected or has no load
WARNING: [Synth 8-7129] Port IMU_DRDY_M in module project_1 is either unconnected or has no load
WARNING: [Synth 8-7129] Port IMU_INT1_AG in module project_1 is either unconnected or has no load
WARNING: [Synth 8-7129] Port IMU_INT_M in module project_1 is either unconnected or has no load
---------------------------------------------------------------------------------
Finished RTL Elaboration : Time (s): cpu = 00:00:03 ; elapsed = 00:00:03 . Memory (MB): peak = 2069.547 ; gain = 443.707 ; free physical = 10569 ; free virtual = 29188
---------------------------------------------------------------------------------
---------------------------------------------------------------------------------
Start Handling Custom Attributes
---------------------------------------------------------------------------------
---------------------------------------------------------------------------------
Finished Handling Custom Attributes : Time (s): cpu = 00:00:03 ; elapsed = 00:00:03 . Memory (MB): peak = 2084.391 ; gain = 458.551 ; free physical = 10566 ; free virtual = 29186
---------------------------------------------------------------------------------
---------------------------------------------------------------------------------
Finished RTL Optimization Phase 1 : Time (s): cpu = 00:00:03 ; elapsed = 00:00:03 . Memory (MB): peak = 2084.391 ; gain = 458.551 ; free physical = 10566 ; free virtual = 29186
---------------------------------------------------------------------------------
Netlist sorting complete. Time (s): cpu = 00:00:00 ; elapsed = 00:00:00 . Memory (MB): peak = 2084.391 ; gain = 0.000 ; free physical = 10566 ; free virtual = 29186
INFO: [Project 1-570] Preparing netlist for logic optimization

Processing XDC Constraints
Initializing timing engine
Parsing XDC File [/home/sadhanpawar/UTA/SOC/FPGA/project_1/project_1.srcs/constrs_1/new/blackboard.xdc]
Finished Parsing XDC File [/home/sadhanpawar/UTA/SOC/FPGA/project_1/project_1.srcs/constrs_1/new/blackboard.xdc]
INFO: [Project 1-236] Implementation specific constraints were found while reading constraint file [/home/sadhanpawar/UTA/SOC/FPGA/project_1/project_1.srcs/constrs_1/new/blackboard.xdc]. These constraints will be ignored for synthesis but will be used in implementation. Impacted constraints are listed in the file [.Xil/project_1_propImpl.xdc].
Resolution: To avoid this warning, move constraints listed in [.Xil/project_1_propImpl.xdc] to another XDC file and exclude this new file from synthesis with the used_in_synthesis property (File Properties dialog in GUI) and re-run elaboration/synthesis.
Completed Processing XDC Constraints

Netlist sorting complete. Time (s): cpu = 00:00:00 ; elapsed = 00:00:00 . Memory (MB): peak = 2163.266 ; gain = 0.000 ; free physical = 10556 ; free virtual = 29176
INFO: [Project 1-111] Unisim Transformation Summary:
No Unisim elements were transformed.

Constraint Validation Runtime : Time (s): cpu = 00:00:00 ; elapsed = 00:00:00 . Memory (MB): peak = 2163.266 ; gain = 0.000 ; free physical = 10556 ; free virtual = 29176
INFO: [Designutils 20-5440] No compile time benefit to using incremental synthesis; A full resynthesis will be run
INFO: [Designutils 20-4379] Flow is switching to default flow due to incremental criteria not met. If you would like to alter this behaviour and have the flow terminate instead, please set the following parameter config_implementation {autoIncr.Synth.RejectBehavior Terminate}
---------------------------------------------------------------------------------
Finished Constraint Validation : Time (s): cpu = 00:00:07 ; elapsed = 00:00:07 . Memory (MB): peak = 2163.266 ; gain = 537.426 ; free physical = 10553 ; free virtual = 29173
---------------------------------------------------------------------------------
---------------------------------------------------------------------------------
Start Loading Part and Timing Information
---------------------------------------------------------------------------------
Loading part: xc7z007sclg400-1
---------------------------------------------------------------------------------
Finished Loading Part and Timing Information : Time (s): cpu = 00:00:07 ; elapsed = 00:00:07 . Memory (MB): peak = 2163.266 ; gain = 537.426 ; free physical = 10553 ; free virtual = 29173
---------------------------------------------------------------------------------
---------------------------------------------------------------------------------
Start Applying 'set_property' XDC Constraints
---------------------------------------------------------------------------------
---------------------------------------------------------------------------------
Finished applying 'set_property' XDC Constraints : Time (s): cpu = 00:00:07 ; elapsed = 00:00:07 . Memory (MB): peak = 2163.266 ; gain = 537.426 ; free physical = 10553 ; free virtual = 29173
---------------------------------------------------------------------------------
---------------------------------------------------------------------------------
Finished RTL Optimization Phase 2 : Time (s): cpu = 00:00:07 ; elapsed = 00:00:07 . Memory (MB): peak = 2163.266 ; gain = 537.426 ; free physical = 10551 ; free virtual = 29172
---------------------------------------------------------------------------------
---------------------------------------------------------------------------------
Start RTL Component Statistics 
---------------------------------------------------------------------------------
Detailed RTL Component Info : 
---------------------------------------------------------------------------------
Finished RTL Component Statistics 
---------------------------------------------------------------------------------
---------------------------------------------------------------------------------
Start Part Resource Summary
---------------------------------------------------------------------------------
Part Resources:
DSPs: 66 (col length:40)
BRAMs: 100 (col length: RAMB18 40 RAMB36 20)
---------------------------------------------------------------------------------
Finished Part Resource Summary
---------------------------------------------------------------------------------
---------------------------------------------------------------------------------
Start Cross Boundary and Area Optimization
---------------------------------------------------------------------------------
WARNING: [Synth 8-7080] Parallel synthesis criteria is not met
WARNING: [Synth 8-3917] design project_1 has port LED[9] driven by constant 0
WARNING: [Synth 8-3917] design project_1 has port LED[8] driven by constant 0
WARNING: [Synth 8-3917] design project_1 has port LED[7] driven by constant 0
WARNING: [Synth 8-3917] design project_1 has port LED[6] driven by constant 0
WARNING: [Synth 8-3917] design project_1 has port LED[5] driven by constant 0
WARNING: [Synth 8-3917] design project_1 has port LED[4] driven by constant 0
WARNING: [Synth 8-3917] design project_1 has port LED[3] driven by constant 0
WARNING: [Synth 8-3917] design project_1 has port RGB0[2] driven by constant 0
WARNING: [Synth 8-3917] design project_1 has port RGB0[1] driven by constant 0
WARNING: [Synth 8-3917] design project_1 has port RGB0[0] driven by constant 0
WARNING: [Synth 8-3917] design project_1 has port RGB1[2] driven by constant 0
WARNING: [Synth 8-3917] design project_1 has port RGB1[1] driven by constant 0
WARNING: [Synth 8-3917] design project_1 has port RGB1[0] driven by constant 0
WARNING: [Synth 8-3917] design project_1 has port SS_ANODE[3] driven by constant 0
WARNING: [Synth 8-3917] design project_1 has port SS_ANODE[2] driven by constant 1
WARNING: [Synth 8-3917] design project_1 has port SS_ANODE[1] driven by constant 1
WARNING: [Synth 8-3917] design project_1 has port SS_ANODE[0] driven by constant 1
WARNING: [Synth 8-3917] design project_1 has port SS_CATHODE[7] driven by constant 1
WARNING: [Synth 8-3917] design project_1 has port SS_CATHODE[6] driven by constant 0
WARNING: [Synth 8-3917] design project_1 has port SS_CATHODE[5] driven by constant 1
WARNING: [Synth 8-3917] design project_1 has port SS_CATHODE[4] driven by constant 0
WARNING: [Synth 8-3917] design project_1 has port SS_CATHODE[3] driven by constant 0
WARNING: [Synth 8-3917] design project_1 has port SS_CATHODE[2] driven by constant 0
WARNING: [Synth 8-3917] design project_1 has port SS_CATHODE[1] driven by constant 0
WARNING: [Synth 8-3917] design project_1 has port SS_CATHODE[0] driven by constant 1
WARNING: [Synth 8-3917] design project_1 has port SERVO[3] driven by constant 0
WARNING: [Synth 8-3917] design project_1 has port SERVO[2] driven by constant 0
WARNING: [Synth 8-3917] design project_1 has port SERVO[1] driven by constant 0
WARNING: [Synth 8-3917] design project_1 has port SERVO[0] driven by constant 0
WARNING: [Synth 8-3917] design project_1 has port PDM_SPEAKER driven by constant 0
WARNING: [Synth 8-3917] design project_1 has port PDM_MIC_CLK driven by constant 0
WARNING: [Synth 8-3917] design project_1 has port ESP32_UART1_TXD driven by constant 0
WARNING: [Synth 8-3917] design project_1 has port IMU_SCLK driven by constant 0
WARNING: [Synth 8-3917] design project_1 has port IMU_SDI driven by constant 0
WARNING: [Synth 8-3917] design project_1 has port IMU_CS_AG driven by constant 1
WARNING: [Synth 8-3917] design project_1 has port IMU_CS_M driven by constant 1
WARNING: [Synth 8-3917] design project_1 has port IMU_DEN_AG driven by constant 0
WARNING: [Synth 8-7129] Port GPIO[23] in module project_1 is either unconnected or has no load
WARNING: [Synth 8-7129] Port GPIO[22] in module project_1 is either unconnected or has no load
WARNING: [Synth 8-7129] Port GPIO[21] in module project_1 is either unconnected or has no load
WARNING: [Synth 8-7129] Port GPIO[20] in module project_1 is either unconnected or has no load
WARNING: [Synth 8-7129] Port GPIO[19] in module project_1 is either unconnected or has no load
WARNING: [Synth 8-7129] Port GPIO[18] in module project_1 is either unconnected or has no load
WARNING: [Synth 8-7129] Port GPIO[17] in module project_1 is either unconnected or has no load
WARNING: [Synth 8-7129] Port GPIO[16] in module project_1 is either unconnected or has no load
WARNING: [Synth 8-7129] Port GPIO[15] in module project_1 is either unconnected or has no load
WARNING: [Synth 8-7129] Port GPIO[14] in module project_1 is either unconnected or has no load
WARNING: [Synth 8-7129] Port GPIO[13] in module project_1 is either unconnected or has no load
WARNING: [Synth 8-7129] Port GPIO[12] in module project_1 is either unconnected or has no load
WARNING: [Synth 8-7129] Port GPIO[11] in module project_1 is either unconnected or has no load
WARNING: [Synth 8-7129] Port GPIO[10] in module project_1 is either unconnected or has no load
WARNING: [Synth 8-7129] Port GPIO[9] in module project_1 is either unconnected or has no load
WARNING: [Synth 8-7129] Port GPIO[8] in module project_1 is either unconnected or has no load
WARNING: [Synth 8-7129] Port GPIO[7] in module project_1 is either unconnected or has no load
WARNING: [Synth 8-7129] Port GPIO[6] in module project_1 is either unconnected or has no load
WARNING: [Synth 8-7129] Port GPIO[5] in module project_1 is either unconnected or has no load
WARNING: [Synth 8-7129] Port GPIO[4] in module project_1 is either unconnected or has no load
WARNING: [Synth 8-7129] Port GPIO[3] in module project_1 is either unconnected or has no load
WARNING: [Synth 8-7129] Port GPIO[2] in module project_1 is either unconnected or has no load
WARNING: [Synth 8-7129] Port GPIO[1] in module project_1 is either unconnected or has no load
WARNING: [Synth 8-7129] Port GPIO[0] in module project_1 is either unconnected or has no load
WARNING: [Synth 8-7129] Port CLK100 in module project_1 is either unconnected or has no load
WARNING: [Synth 8-7129] Port SW[11] in module project_1 is either unconnected or has no load
WARNING: [Synth 8-7129] Port SW[10] in module project_1 is either unconnected or has no load
WARNING: [Synth 8-7129] Port SW[9] in module project_1 is either unconnected or has no load
WARNING: [Synth 8-7129] Port SW[8] in module project_1 is either unconnected or has no load
WARNING: [Synth 8-7129] Port SW[7] in module project_1 is either unconnected or has no load
WARNING: [Synth 8-7129] Port SW[6] in module project_1 is either unconnected or has no load
WARNING: [Synth 8-7129] Port SW[5] in module project_1 is either unconnected or has no load
WARNING: [Synth 8-7129] Port SW[4] in module project_1 is either unconnected or has no load
WARNING: [Synth 8-7129] Port SW[3] in module project_1 is either unconnected or has no load
WARNING: [Synth 8-7129] Port PB[3] in module project_1 is either unconnected or has no load
WARNING: [Synth 8-7129] Port PB[2] in module project_1 is either unconnected or has no load
WARNING: [Synth 8-7129] Port PB[1] in module project_1 is either unconnected or has no load
WARNING: [Synth 8-7129] Port PB[0] in module project_1 is either unconnected or has no load
WARNING: [Synth 8-7129] Port PDM_MIC_DATA in module project_1 is either unconnected or has no load
WARNING: [Synth 8-7129] Port ESP32_UART1_RXD in module project_1 is either unconnected or has no load
WARNING: [Synth 8-7129] Port IMU_SDO_AG in module project_1 is either unconnected or has no load
WARNING: [Synth 8-7129] Port IMU_SDO_M in module project_1 is either unconnected or has no load
WARNING: [Synth 8-7129] Port IMU_DRDY_M in module project_1 is either unconnected or has no load
WARNING: [Synth 8-7129] Port IMU_INT1_AG in module project_1 is either unconnected or has no load
WARNING: [Synth 8-7129] Port IMU_INT_M in module project_1 is either unconnected or has no load
---------------------------------------------------------------------------------
Finished Cross Boundary and Area Optimization : Time (s): cpu = 00:00:08 ; elapsed = 00:00:08 . Memory (MB): peak = 2163.266 ; gain = 537.426 ; free physical = 10548 ; free virtual = 29173
---------------------------------------------------------------------------------
---------------------------------------------------------------------------------
Start Applying XDC Timing Constraints
---------------------------------------------------------------------------------
---------------------------------------------------------------------------------
Finished Applying XDC Timing Constraints : Time (s): cpu = 00:00:10 ; elapsed = 00:00:10 . Memory (MB): peak = 2163.266 ; gain = 537.426 ; free physical = 10552 ; free virtual = 29177
---------------------------------------------------------------------------------
---------------------------------------------------------------------------------
Start Timing Optimization
---------------------------------------------------------------------------------
---------------------------------------------------------------------------------
Finished Timing Optimization : Time (s): cpu = 00:00:10 ; elapsed = 00:00:10 . Memory (MB): peak = 2163.266 ; gain = 537.426 ; free physical = 10552 ; free virtual = 29177
---------------------------------------------------------------------------------
---------------------------------------------------------------------------------
Start Technology Mapping
---------------------------------------------------------------------------------
---------------------------------------------------------------------------------
Finished Technology Mapping : Time (s): cpu = 00:00:10 ; elapsed = 00:00:10 . Memory (MB): peak = 2163.266 ; gain = 537.426 ; free physical = 10552 ; free virtual = 29177
---------------------------------------------------------------------------------
---------------------------------------------------------------------------------
Start IO Insertion
---------------------------------------------------------------------------------
---------------------------------------------------------------------------------
Start Flattening Before IO Insertion
---------------------------------------------------------------------------------
---------------------------------------------------------------------------------
Finished Flattening Before IO Insertion
---------------------------------------------------------------------------------
---------------------------------------------------------------------------------
Start Final Netlist Cleanup
---------------------------------------------------------------------------------
---------------------------------------------------------------------------------
Finished Final Netlist Cleanup
---------------------------------------------------------------------------------
---------------------------------------------------------------------------------
Finished IO Insertion : Time (s): cpu = 00:00:12 ; elapsed = 00:00:13 . Memory (MB): peak = 2163.266 ; gain = 537.426 ; free physical = 10558 ; free virtual = 29182
---------------------------------------------------------------------------------
---------------------------------------------------------------------------------
Start Renaming Generated Instances
---------------------------------------------------------------------------------
---------------------------------------------------------------------------------
Finished Renaming Generated Instances : Time (s): cpu = 00:00:12 ; elapsed = 00:00:13 . Memory (MB): peak = 2163.266 ; gain = 537.426 ; free physical = 10558 ; free virtual = 29182
---------------------------------------------------------------------------------
---------------------------------------------------------------------------------
Start Rebuilding User Hierarchy
---------------------------------------------------------------------------------
---------------------------------------------------------------------------------
Finished Rebuilding User Hierarchy : Time (s): cpu = 00:00:12 ; elapsed = 00:00:13 . Memory (MB): peak = 2163.266 ; gain = 537.426 ; free physical = 10558 ; free virtual = 29182
---------------------------------------------------------------------------------
---------------------------------------------------------------------------------
Start Renaming Generated Ports
---------------------------------------------------------------------------------
---------------------------------------------------------------------------------
Finished Renaming Generated Ports : Time (s): cpu = 00:00:12 ; elapsed = 00:00:13 . Memory (MB): peak = 2163.266 ; gain = 537.426 ; free physical = 10558 ; free virtual = 29182
---------------------------------------------------------------------------------
---------------------------------------------------------------------------------
Start Handling Custom Attributes
---------------------------------------------------------------------------------
---------------------------------------------------------------------------------
Finished Handling Custom Attributes : Time (s): cpu = 00:00:12 ; elapsed = 00:00:13 . Memory (MB): peak = 2163.266 ; gain = 537.426 ; free physical = 10558 ; free virtual = 29182
---------------------------------------------------------------------------------
---------------------------------------------------------------------------------
Start Renaming Generated Nets
---------------------------------------------------------------------------------
---------------------------------------------------------------------------------
Finished Renaming Generated Nets : Time (s): cpu = 00:00:12 ; elapsed = 00:00:13 . Memory (MB): peak = 2163.266 ; gain = 537.426 ; free physical = 10558 ; free virtual = 29182
---------------------------------------------------------------------------------
---------------------------------------------------------------------------------
Start Writing Synthesis Report
---------------------------------------------------------------------------------

Report BlackBoxes: 
+-+--------------+----------+
| |BlackBox name |Instances |
+-+--------------+----------+
+-+--------------+----------+

Report Cell Usage: 
+------+-----+------+
|      |Cell |Count |
+------+-----+------+
|1     |LUT2 |     2|
|2     |LUT3 |     1|
|3     |IBUF |     3|
|4     |OBUF |    40|
+------+-----+------+
---------------------------------------------------------------------------------
Finished Writing Synthesis Report : Time (s): cpu = 00:00:12 ; elapsed = 00:00:13 . Memory (MB): peak = 2163.266 ; gain = 537.426 ; free physical = 10558 ; free virtual = 29182
---------------------------------------------------------------------------------
Synthesis finished with 0 errors, 0 critical warnings and 83 warnings.
Synthesis Optimization Runtime : Time (s): cpu = 00:00:11 ; elapsed = 00:00:12 . Memory (MB): peak = 2163.266 ; gain = 458.551 ; free physical = 10558 ; free virtual = 29182
Synthesis Optimization Complete : Time (s): cpu = 00:00:13 ; elapsed = 00:00:13 . Memory (MB): peak = 2163.266 ; gain = 537.426 ; free physical = 10557 ; free virtual = 29181
INFO: [Project 1-571] Translating synthesized netlist
Netlist sorting complete. Time (s): cpu = 00:00:00 ; elapsed = 00:00:00 . Memory (MB): peak = 2163.266 ; gain = 0.000 ; free physical = 10750 ; free virtual = 29375
INFO: [Project 1-570] Preparing netlist for logic optimization
INFO: [Opt 31-138] Pushed 0 inverter(s) to 0 load pin(s).
Netlist sorting complete. Time (s): cpu = 00:00:00 ; elapsed = 00:00:00 . Memory (MB): peak = 2163.266 ; gain = 0.000 ; free physical = 10815 ; free virtual = 29440
INFO: [Project 1-111] Unisim Transformation Summary:
No Unisim elements were transformed.

Synth Design complete | Checksum: 7e6df537
INFO: [Common 17-83] Releasing license: Synthesis
21 Infos, 165 Warnings, 18 Critical Warnings and 0 Errors encountered.
synth_design completed successfully
synth_design: Time (s): cpu = 00:00:17 ; elapsed = 00:00:15 . Memory (MB): peak = 2163.266 ; gain = 819.730 ; free physical = 10815 ; free virtual = 29440
INFO: [Common 17-2834] synth_design peak Physical Memory [PSS] (MB): overall = 1749.084; main = 1418.802; forked = 373.323
INFO: [Common 17-2834] synth_design peak Virtual Memory [VSS] (MB): overall = 3131.648; main = 2163.270; forked = 1000.395
INFO: [runtcl-6] Synthesis results are not added to the cache due to CRITICAL_WARNING
INFO: [Common 17-1381] The checkpoint '/home/sadhanpawar/UTA/SOC/FPGA/project_1/project_1.runs/synth_1/project_1.dcp' has been generated.
INFO: [runtcl-4] Executing : report_utilization -file project_1_utilization_synth.rpt -pb project_1_utilization_synth.pb
INFO: [Common 17-206] Exiting Vivado at Wed Sep  6 20:56:43 2023...
