Copyright 1986-2022 Xilinx, Inc. All Rights Reserved. Copyright 2022-2023 Advanced Micro Devices, Inc. All Rights Reserved.
------------------------------------------------------------------------------------------------------------------------------------------------------------------------------------------------------------------------
| Tool Version : Vivado v.2023.1.1 (lin64) Build 3900603 Fri Jun 16 19:30:25 MDT 2023
| Date         : Wed Sep  6 20:57:15 2023
| Host         : sadhanpawar-ThinkPad-E14-Gen-4 running 64-bit Ubuntu 20.04.6 LTS
| Command      : report_timing_summary -max_paths 10 -report_unconstrained -file project_1_timing_summary_routed.rpt -pb project_1_timing_summary_routed.pb -rpx project_1_timing_summary_routed.rpx -warn_on_violation
| Design       : project_1
| Device       : 7z007s-clg400
| Speed File   : -1  PRODUCTION 1.12 2019-11-22
| Design State : Routed
------------------------------------------------------------------------------------------------------------------------------------------------------------------------------------------------------------------------

Timing Summary Report

------------------------------------------------------------------------------------------------
| Timer Settings
| --------------
------------------------------------------------------------------------------------------------

  Enable Multi Corner Analysis               :  Yes
  Enable Pessimism Removal                   :  Yes
  Pessimism Removal Resolution               :  Nearest Common Node
  Enable Input Delay Default Clock           :  No
  Enable Preset / Clear Arcs                 :  No
  Disable Flight Delays                      :  No
  Ignore I/O Paths                           :  No
  Timing Early Launch at Borrowing Latches   :  No
  Borrow Time for Max Delay Exceptions       :  Yes
  Merge Timing Exceptions                    :  Yes

  Corner  Analyze    Analyze    
  Name    Max Paths  Min Paths  
  ------  ---------  ---------  
  Slow    Yes        Yes        
  Fast    Yes        Yes        


------------------------------------------------------------------------------------------------
| Report Methodology
| ------------------
------------------------------------------------------------------------------------------------

No report available as report_methodology has not been run prior. Run report_methodology on the current design for the summary of methodology violations.



check_timing report

Table of Contents
-----------------
1. checking no_clock (0)
2. checking constant_clock (0)
3. checking pulse_width_clock (0)
4. checking unconstrained_internal_endpoints (0)
5. checking no_input_delay (0)
6. checking no_output_delay (0)
7. checking multiple_clock (0)
8. checking generated_clocks (0)
9. checking loops (0)
10. checking partial_input_delay (0)
11. checking partial_output_delay (0)
12. checking latch_loops (0)

1. checking no_clock (0)
------------------------
 There are 0 register/latch pins with no clock.


2. checking constant_clock (0)
------------------------------
 There are 0 register/latch pins with constant_clock.


3. checking pulse_width_clock (0)
---------------------------------
 There are 0 register/latch pins which need pulse_width check


4. checking unconstrained_internal_endpoints (0)
------------------------------------------------
 There are 0 pins that are not constrained for maximum delay.

 There are 0 pins that are not constrained for maximum delay due to constant clock.


5. checking no_input_delay (0)
------------------------------
 There are 0 input ports with no input delay specified.

 There are 0 input ports with no input delay but user has a false path constraint.


6. checking no_output_delay (0)
-------------------------------
 There are 0 ports with no output delay specified.

 There are 0 ports with no output delay but user has a false path constraint

 There are 0 ports with no output delay but with a timing clock defined on it or propagating through it


7. checking multiple_clock (0)
------------------------------
 There are 0 register/latch pins with multiple clocks.


8. checking generated_clocks (0)
--------------------------------
 There are 0 generated clocks that are not connected to a clock source.


9. checking loops (0)
---------------------
 There are 0 combinational loops in the design.


10. checking partial_input_delay (0)
------------------------------------
 There are 0 input ports with partial input delay specified.


11. checking partial_output_delay (0)
-------------------------------------
 There are 0 ports with partial output delay specified.


12. checking latch_loops (0)
----------------------------
 There are 0 combinational latch loops in the design through latch input



------------------------------------------------------------------------------------------------
| Design Timing Summary
| ---------------------
------------------------------------------------------------------------------------------------

    WNS(ns)      TNS(ns)  TNS Failing Endpoints  TNS Total Endpoints      WHS(ns)      THS(ns)  THS Failing Endpoints  THS Total Endpoints     WPWS(ns)     TPWS(ns)  TPWS Failing Endpoints  TPWS Total Endpoints  
    -------      -------  ---------------------  -------------------      -------      -------  ---------------------  -------------------     --------     --------  ----------------------  --------------------  
        inf        0.000                      0                    3          inf        0.000                      0                    3           NA           NA                      NA                    NA  


All user specified timing constraints are met.


------------------------------------------------------------------------------------------------
| Clock Summary
| -------------
------------------------------------------------------------------------------------------------

Clock        Waveform(ns)       Period(ns)      Frequency(MHz)
-----        ------------       ----------      --------------
sys_clk_pin  {0.000 4.000}      10.000          100.000         


------------------------------------------------------------------------------------------------
| Intra Clock Table
| -----------------
------------------------------------------------------------------------------------------------

Clock             WNS(ns)      TNS(ns)  TNS Failing Endpoints  TNS Total Endpoints      WHS(ns)      THS(ns)  THS Failing Endpoints  THS Total Endpoints     WPWS(ns)     TPWS(ns)  TPWS Failing Endpoints  TPWS Total Endpoints  
-----             -------      -------  ---------------------  -------------------      -------      -------  ---------------------  -------------------     --------     --------  ----------------------  --------------------  


------------------------------------------------------------------------------------------------
| Inter Clock Table
| -----------------
------------------------------------------------------------------------------------------------

From Clock    To Clock          WNS(ns)      TNS(ns)  TNS Failing Endpoints  TNS Total Endpoints      WHS(ns)      THS(ns)  THS Failing Endpoints  THS Total Endpoints  
----------    --------          -------      -------  ---------------------  -------------------      -------      -------  ---------------------  -------------------  


------------------------------------------------------------------------------------------------
| Other Path Groups Table
| -----------------------
------------------------------------------------------------------------------------------------

Path Group    From Clock    To Clock          WNS(ns)      TNS(ns)  TNS Failing Endpoints  TNS Total Endpoints      WHS(ns)      THS(ns)  THS Failing Endpoints  THS Total Endpoints  
----------    ----------    --------          -------      -------  ---------------------  -------------------      -------      -------  ---------------------  -------------------  


------------------------------------------------------------------------------------------------
| User Ignored Path Table
| -----------------------
------------------------------------------------------------------------------------------------

Path Group    From Clock    To Clock    
----------    ----------    --------    


------------------------------------------------------------------------------------------------
| Unconstrained Path Table
| ------------------------
------------------------------------------------------------------------------------------------

Path Group    From Clock    To Clock    
----------    ----------    --------    
(none)                                    


------------------------------------------------------------------------------------------------
| Timing Details
| --------------
------------------------------------------------------------------------------------------------


--------------------------------------------------------------------------------------
Path Group:  (none)
From Clock:  
  To Clock:  

Max Delay             3 Endpoints
Min Delay             3 Endpoints
--------------------------------------------------------------------------------------


Max Delay Paths
--------------------------------------------------------------------------------------
Slack:                    inf
  Source:                 SW[1]
                            (input port)
  Destination:            LED[2]
                            (output port)
  Path Group:             (none)
  Path Type:              Max at Slow Process Corner
  Data Path Delay:        9.208ns  (logic 5.155ns (55.982%)  route 4.053ns (44.018%))
  Logic Levels:           3  (IBUF=1 LUT3=1 OBUF=1)

    Location             Delay type                Incr(ns)  Path(ns)    Netlist Resource(s)
  -------------------------------------------------------------------    -------------------
    U20                                               0.000     0.000 r  SW[1] (IN)
                         net (fo=0)                   0.000     0.000    SW[1]
    U20                  IBUF (Prop_ibuf_I_O)         1.479     1.479 r  SW_IBUF[1]_inst/O
                         net (fo=3, routed)           1.383     2.862    SW_IBUF[1]
    SLICE_X43Y20         LUT3 (Prop_lut3_I0_O)        0.124     2.986 r  LED_OBUF[2]_inst_i_1/O
                         net (fo=1, routed)           2.670     5.656    LED_OBUF[2]
    R19                  OBUF (Prop_obuf_I_O)         3.552     9.208 r  LED_OBUF[2]_inst/O
                         net (fo=0)                   0.000     9.208    LED[2]
    R19                                                               r  LED[2] (OUT)
  -------------------------------------------------------------------    -------------------

Slack:                    inf
  Source:                 SW[1]
                            (input port)
  Destination:            LED[0]
                            (output port)
  Path Group:             (none)
  Path Type:              Max at Slow Process Corner
  Data Path Delay:        8.571ns  (logic 5.381ns (62.784%)  route 3.190ns (37.216%))
  Logic Levels:           3  (IBUF=1 LUT2=1 OBUF=1)

    Location             Delay type                Incr(ns)  Path(ns)    Netlist Resource(s)
  -------------------------------------------------------------------    -------------------
    U20                                               0.000     0.000 r  SW[1] (IN)
                         net (fo=0)                   0.000     0.000    SW[1]
    U20                  IBUF (Prop_ibuf_I_O)         1.479     1.479 r  SW_IBUF[1]_inst/O
                         net (fo=3, routed)           1.383     2.862    SW_IBUF[1]
    SLICE_X43Y20         LUT2 (Prop_lut2_I1_O)        0.152     3.014 r  LED_OBUF[0]_inst_i_1/O
                         net (fo=1, routed)           1.807     4.821    LED_OBUF[0]
    N20                  OBUF (Prop_obuf_I_O)         3.751     8.571 r  LED_OBUF[0]_inst/O
                         net (fo=0)                   0.000     8.571    LED[0]
    N20                                                               r  LED[0] (OUT)
  -------------------------------------------------------------------    -------------------

Slack:                    inf
  Source:                 SW[1]
                            (input port)
  Destination:            LED[1]
                            (output port)
  Path Group:             (none)
  Path Type:              Max at Slow Process Corner
  Data Path Delay:        8.201ns  (logic 5.152ns (62.817%)  route 3.049ns (37.183%))
  Logic Levels:           3  (IBUF=1 LUT2=1 OBUF=1)

    Location             Delay type                Incr(ns)  Path(ns)    Netlist Resource(s)
  -------------------------------------------------------------------    -------------------
    U20                                               0.000     0.000 r  SW[1] (IN)
                         net (fo=0)                   0.000     0.000    SW[1]
    U20                  IBUF (Prop_ibuf_I_O)         1.479     1.479 r  SW_IBUF[1]_inst/O
                         net (fo=3, routed)           1.382     2.861    SW_IBUF[1]
    SLICE_X43Y20         LUT2 (Prop_lut2_I1_O)        0.124     2.985 r  LED_OBUF[1]_inst_i_1/O
                         net (fo=1, routed)           1.668     4.652    LED_OBUF[1]
    P20                  OBUF (Prop_obuf_I_O)         3.549     8.201 r  LED_OBUF[1]_inst/O
                         net (fo=0)                   0.000     8.201    LED[1]
    P20                                                               r  LED[1] (OUT)
  -------------------------------------------------------------------    -------------------





Min Delay Paths
--------------------------------------------------------------------------------------
Slack:                    inf
  Source:                 SW[0]
                            (input port)
  Destination:            LED[1]
                            (output port)
  Path Group:             (none)
  Path Type:              Min at Fast Process Corner
  Data Path Delay:        2.388ns  (logic 1.510ns (63.215%)  route 0.878ns (36.785%))
  Logic Levels:           3  (IBUF=1 LUT2=1 OBUF=1)

    Location             Delay type                Incr(ns)  Path(ns)    Netlist Resource(s)
  -------------------------------------------------------------------    -------------------
    R17                                               0.000     0.000 r  SW[0] (IN)
                         net (fo=0)                   0.000     0.000    SW[0]
    R17                  IBUF (Prop_ibuf_I_O)         0.215     0.215 r  SW_IBUF[0]_inst/O
                         net (fo=3, routed)           0.542     0.757    SW_IBUF[0]
    SLICE_X43Y20         LUT2 (Prop_lut2_I0_O)        0.045     0.802 r  LED_OBUF[1]_inst_i_1/O
                         net (fo=1, routed)           0.337     1.139    LED_OBUF[1]
    P20                  OBUF (Prop_obuf_I_O)         1.250     2.388 r  LED_OBUF[1]_inst/O
                         net (fo=0)                   0.000     2.388    LED[1]
    P20                                                               r  LED[1] (OUT)
  -------------------------------------------------------------------    -------------------

Slack:                    inf
  Source:                 SW[0]
                            (input port)
  Destination:            LED[0]
                            (output port)
  Path Group:             (none)
  Path Type:              Min at Fast Process Corner
  Data Path Delay:        2.510ns  (logic 1.573ns (62.663%)  route 0.937ns (37.337%))
  Logic Levels:           3  (IBUF=1 LUT2=1 OBUF=1)

    Location             Delay type                Incr(ns)  Path(ns)    Netlist Resource(s)
  -------------------------------------------------------------------    -------------------
    R17                                               0.000     0.000 r  SW[0] (IN)
                         net (fo=0)                   0.000     0.000    SW[0]
    R17                  IBUF (Prop_ibuf_I_O)         0.215     0.215 r  SW_IBUF[0]_inst/O
                         net (fo=3, routed)           0.542     0.757    SW_IBUF[0]
    SLICE_X43Y20         LUT2 (Prop_lut2_I0_O)        0.046     0.803 r  LED_OBUF[0]_inst_i_1/O
                         net (fo=1, routed)           0.395     1.198    LED_OBUF[0]
    N20                  OBUF (Prop_obuf_I_O)         1.312     2.510 r  LED_OBUF[0]_inst/O
                         net (fo=0)                   0.000     2.510    LED[0]
    N20                                                               r  LED[0] (OUT)
  -------------------------------------------------------------------    -------------------

Slack:                    inf
  Source:                 SW[2]
                            (input port)
  Destination:            LED[2]
                            (output port)
  Path Group:             (none)
  Path Type:              Min at Fast Process Corner
  Data Path Delay:        2.759ns  (logic 1.517ns (54.992%)  route 1.242ns (45.008%))
  Logic Levels:           3  (IBUF=1 LUT3=1 OBUF=1)

    Location             Delay type                Incr(ns)  Path(ns)    Netlist Resource(s)
  -------------------------------------------------------------------    -------------------
    R16                                               0.000     0.000 r  SW[2] (IN)
                         net (fo=0)                   0.000     0.000    SW[2]
    R16                  IBUF (Prop_ibuf_I_O)         0.219     0.219 r  SW_IBUF[2]_inst/O
                         net (fo=1, routed)           0.461     0.680    SW_IBUF[2]
    SLICE_X43Y20         LUT3 (Prop_lut3_I2_O)        0.045     0.725 r  LED_OBUF[2]_inst_i_1/O
                         net (fo=1, routed)           0.780     1.506    LED_OBUF[2]
    R19                  OBUF (Prop_obuf_I_O)         1.253     2.759 r  LED_OBUF[2]_inst/O
                         net (fo=0)                   0.000     2.759    LED[2]
    R19                                                               r  LED[2] (OUT)
  -------------------------------------------------------------------    -------------------





